{"C:\\Users\\annag\\Desktop\\CPDI_2\\dentaflow-devops\\src\\api\\routes\\health.js": {"path":"C:\\Users\\annag\\Desktop\\CPDI_2\\dentaflow-devops\\src\\api\\routes\\health.js","statementMap":{"0":{"start":{"line":1,"column":16},"end":{"line":1,"column":34}},"1":{"start":{"line":2,"column":15},"end":{"line":2,"column":31}},"2":{"start":{"line":29,"column":0},"end":{"line":35,"column":3}},"3":{"start":{"line":30,"column":2},"end":{"line":34,"column":5}},"4":{"start":{"line":37,"column":0},"end":{"line":37,"column":24}}},"fnMap":{"0":{"name":"(anonymous_0)","decl":{"start":{"line":29,"column":22},"end":{"line":29,"column":23}},"loc":{"start":{"line":29,"column":36},"end":{"line":35,"column":1}},"line":29}},"branchMap":{},"s":{"0":0,"1":0,"2":0,"3":0,"4":0},"f":{"0":0},"b":{}}
}
